3433
1927
976
1563
4548
28
4529
4417
4451
4404
1866
1633
1382
2380
545
3621
3101
736
1777
656
3266
3784
23
2458
3496
667
2264
2559
2712
963
2929
868
50
756
836
2539
4577
1153
1854
1022
2030
1095
4182
180
2784
3079
563
3066
4626
971
1760
2177
1567
2083
2369
4695
2962
4275
2386
2309
2015
1448
3371
4523
984
811
2580
2610
2762
3709
3285
961
1198
3656
1057
4620
3777
3930
766
2996
41
2966
977
4137
3323
3399
2394
4639
720
3339
3872
581
2899
2264
468
2900
132
2779
343
348
3195
1316
2838
3993
1662
2813
1372
4119
3497
1989
1766
1275
3430
4167
205
2151
4053
4239
293
3589
2010
4696
290
2755
2666
3111
4264
1158
1167
3322
1587
2854
1482
115
2119
1734
2180
833
3177
3363
3493
4366
2772
3026
519
3640
1440
4138
2962
4365
924
3546
740
198
1779
3697
3349
518
3582
141
1488
3135
2004
1882
3495
1716
3589
1516
2409
2249
616
149
2088
3249
3379
3656
1354
3672
4541
4683
1123
2092
612
1102
3083
2689
2613
1176
4325
3401
3651
1138
825
2090
3899
2828
2998
1425
307
4408
1252
1077
1428
1748
4028
3793
1827
1246
152
3147
349
2862
839
139
3328
1305
544
3248
1640
1072
787
2794
3806
2420
1640
249
2849
3203
2743
1737
4446
3226
1055
2089
3325
140
3096
1484
3834
731
2130
1502
2583
2454
1481
3271
445
4506
609
110
398
245
2208
3852
4554
1644
1282
52
3731
471
3849
3514
1785
506
3600
981
4441
129
3510
2990
4411
441
4510
3848
1009
3918
1201
3010
3367
3768
2168
562
2399
3491
267
2631
1729
4146
4135
284
337
1077
1046
3033
1377
4161
2558
3298
860
1632
187
1171
3744
3327
2190
3775
385
2254
4517
1119
2129
2261
309
511
4198
4062
3754
1643
610
4192
2030
610
3147
2433
2605
4308
1787
810
626
2248
4113
1938
2487
2975
756
1157
4004
230
4182
130
2876
1363
383
3625
1688
2834
1725
2969
4156
3090
3023
318
2832
2595
2493
4291
4435
4392
814
778
4334
4681
3461
3849
2735
2104
1943
2188
3143
1467
4175
3392
3390
2449
4546
3516
3482
3996
2505
1258
3508
3260
309
2439
3813
2489
3390
2486
2956
3346
1679
4375
1232
1850
4539
1491
2309
4558
3181
3613
465
1974
4119
3645
2352
1532
33
1115
1701
645
1442
2858
1123
2218
379
2533
3782
3993
441
2656
4451
1293
1591
2254
4043
2442
3386
204
1311
3651
917
2784
766
2875
2288
4308
2216
3608
3859
2425
693
2085
86
4508
303
552
4228
2899
2311
3998
922
2235
2689
1338
291
432
2004
988
3947
1
3512
3204
4523
207
835
606
3398
847
1567
3866
921
1232
309
1619
3568
957
2116
2007
2441
3294
116
3001
2039
1821
27
4268
369
4202
2669
3844
3844
3710
3665
4313
2837
3719
2184
271
3501
4481
350
4134
3649
3550
3053
771
4617
739
352
3192
1061
3344
627
2591
2257
3625
1481
4426
4053
3203
4398
4650
133
2784
4204
2692
2372
928
1447
1962
4255
1262
1589
2283
37
1535
3604
1781
1646
824
1153
3252
1642
1424
3327
4117
4412
1682
576
859
1780
4680
2910
3266
927
1890
209
1288
899
3342
759
2367
169
1636
170
1616
1548
276
3007
1278
3918
42
1522
635
1263
4121
2968
3823
1191
1453
3975
243
4231
2107
3723
2374
596
2372
3149
575
4510
2362
509
2244
4622
1868
1004
2631
2889
3461
552
3920
281
4283
1901
411
3136
3969
4058
3268
4088
2988
871
2179
356
1395
2857
566
3147
986
3
4123
3552
1656
2668
973
1858
3057
764
653
4070
218
914
4323
4285
4675
1128
3981
173
657
3630
2111
3041
4074
4070
4471
1158
1269
1625
701
4470
3919
2850
1837
1439
3705
1190
1682
3557
3108
3696
3449
734
129
3679
3048
1771
3932
1966
4662
2035
4614
3380
1476
2433
4553
2933
170
66
3019
3783
638
3970
4368
939
1378
2336
2227
1793
3452
3178
3995
1010
3013
3854
3627
3436
276
3029
1580
3711
3232
2256
4170
4183
3793
1880
2414
2104
4003
271
2632
4473
3942
3261
3612
3233
4354
20
3971
607
4091
1981
1392
3136
226
4219
1753
453
54
2145
3857
671
1167
2940
4388
1783
4411
1683
466
312
64
948
2893
3824
3571
1350
343
2226
2485
816
4693
1604
4086
3320
3677
2665
2493
3887
606
3120
1614
3306
1889
625
4447
3035
1276
2457
3188
66
76
3238
3498
3443
3165
2942
4331
380
4682
35
3152
705
3900
2302
2332
3413
415
4261
3757
1811
4652
3371
1270
1295
2737
2147
330
1879
4173
2257
3155
979
797
4675
1140
4545
4441
1065
4210
3163
1666
2773
4407
1214
1975
4141
2431
2089
2516
4047
3279
4148
1216
283
188
752
530
1320
1111
3926
2903
324
955
4283
1152
1741
1446
321
1473
3298
388
2476
510
1985
4070
2973
3170
535
1370
603
3661
3066
2106
2832
2554
1342
3929
3713
456
4312
4452
1139
1917
3978
1959
1804
611
1887
986
540
4275
1324
1115
4441
447
4274
596
449
984
3701
2876
638
4018
3120
704
2336
4484
1395
4376
3021
1643
3530
1886
3570
3896
2083
3653
2770
2731
2871
3822
1957
4404
2283
1176
1374
39
989
4516
1361
2305
2162
3737
4467
2213
3780
2466
595
2612
368
421
420
9
