3693
1118
2995
2587
2808
1566
1810
4628
4132
4423
1292
605
689
109
2569
4533
491
2938
1930
3648
4656
2289
3507
3445
3841
3942
2475
4226
629
390
4599
3395
3360
673
2175
21
336
1637
1592
4038
4566
4069
2879
841
1022
4016
45
3253
3625
3349
992
3680
4443
66
1852
4012
3694
4669
4150
800
4521
3404
3183
3780
2074
2171
4008
2358
4662
4555
1659
222
336
136
2273
4568
4648
3606
2356
1200
1453
3986
244
47
1663
407
3996
17
1447
2498
4318
1302
4109
2866
4270
209
3039
2334
2381
2447
1721
2244
3308
1517
54
3294
3503
2854
1104
1828
4283
786
18
1245
4196
1398
2015
3231
1919
1659
3157
3479
4203
2725
2400
1466
2539
4573
2884
127
3238
2962
3843
3483
2967
1479
3526
894
575
3352
4385
1462
2488
841
535
3214
1782
2784
4420
2510
1006
1568
1177
3457
428
1243
886
1399
3564
218
404
4193
2512
402
2497
344
830
4152
1647
4633
2706
2839
1283
2411
4440
1023
4276
91
1288
3143
1353
300
1063
658
2837
3420
1428
2939
168
2243
435
3339
2040
3850
2841
3159
2115
1619
1266
3502
968
702
4325
3232
4308
166
917
2707
4535
1559
649
457
3852
3148
2015
2255
3899
2535
2746
2807
1759
7
3240
3354
325
2365
3249
3763
3391
1605
299
1641
2448
4494
3257
571
2375
4236
785
1642
3267
152
1222
2185
1910
871
1379
2706
791
1747
1102
2530
1668
1457
3936
3152
512
4397
4113
4004
1853
1777
2473
18
162
3698
1275
3392
1971
1366
1151
588
698
1586
3936
3970
1226
2915
2306
1952
4016
3854
233
1228
3948
2014
3483
4118
1375
4620
3898
3624
1710
734
1279
1185
6
1262
1133
557
3699
4525
986
4330
218
4569
1918
2422
49
682
4005
1189
1027
667
3812
1486
2528
2431
2566
1731
683
1023
1767
4290
2673
4113
3066
2337
1960
3139
73
774
3492
4363
1830
1757
340
586
2491
4377
80
1542
2738
1694
192
3631
140
2457
1818
3144
2877
1133
1852
4676
1368
640
2056
2782
428
4133
2336
2496
3300
2786
4404
1753
273
831
1938
3056
3344
4428
4461
2909
3391
131
721
434
4416
3536
883
4491
185
987
2971
3681
1698
699
2747
3916
3155
1888
1893
2708
1040
4328
1376
3904
398
3617
2565
2470
2789
1233
2838
400
4019
3830
1373
2081
3480
4513
2302
3420
2075
1989
1101
3493
3237
479
3553
2132
4572
1435
1037
3924
3174
2876
82
2844
3917
1294
1336
2596
1779
898
4589
1864
371
241
942
1847
426
2200
3395
758
4560
2473
2452
2618
1161
2045
129
3514
748
3274
886
204
4537
2253
4037
2086
1470
3245
294
1466
2408
2735
2738
291
980
2765
4609
1210
4002
2330
2724
263
2774
4586
835
2379
3227
4563
1168
3801
1476
1983
818
1340
3103
1621
2897
2165
2699
1515
2246
1737
2889
296
144
4290
1138
3757
3275
4046
371
4436
3077
4148
2835
2830
4283
3771
1839
1221
3478
663
134
915
1888
4142
539
4447
4219
1448
1708
2246
379
3419
3097
2376
3952
3948
342
3908
1072
2615
1260
2000
1516
384
1985
1989
1758
776
3678
821
1128
2436
1115
4561
2021
2505
3933
437
604
2825
82
1889
1947
2492
1899
3501
2435
3658
2112
497
1740
2308
3974
2583
4113
2868
2805
3328
1521
3065
4118
3550
474
448
1442
2695
1787
3349
504
354
3817
2768
2894
2191
1434
84
349
2584
4104
4431
890
321
885
578
4288
2123
4245
3482
404
1366
187
3465
413
1430
3450
3608
1746
2689
1938
1436
3979
1507
173
372
1781
2854
1889
3434
1365
3955
2787
1468
3012
901
2914
4644
1120
2714
4381
512
3684
622
4647
3009
1356
3429
1446
3679
4325
1909
2135
2361
3451
1412
1104
2863
1497
71
4546
4526
1175
774
297
1724
1848
1062
1538
3366
2369
3355
1431
47
1383
642
3471
4258
518
666
3255
2815
2980
3576
836
4412
2704
3233
906
4089
639
339
4308
2194
743
1910
2061
338
1131
3284
3756
1399
3734
1279
1477
4459
4484
994
586
1095
2357
3274
3092
4687
2222
913
1071
419
4325
3596
1447
1781
1750
2541
508
1913
4271
3597
4534
533
1847
3136
3312
2824
1609
3851
2773
2047
509
2742
3119
2599
2507
3249
1495
2072
56
59
3280
4264
4381
378
465
1891
3796
11
4153
2655
66
4572
2580
1808
4407
3377
2325
646
2446
4050
3431
169
2980
1698
1031
1691
2140
4269
3897
3223
137
1865
4038
3370
2374
1669
4530
603
519
2567
4032
3720
3697
3579
2736
3381
2597
1039
1201
376
405
4115
867
3133
3365
1638
4313
1356
0
991
1573
3013
1609
3655
650
1673
2973
3015
889
423
3461
3322
4508
3351
3611
2753
46
4134
2192
3878
3806
2482
3167
2775
1834
681
4085
510
1465
4440
4416
1816
762
2252
4207
2176
1613
2656
117
3427
979
3938
374
3072
3376
3216
1940
2775
3070
3706
3161
1005
334
118
2525
2446
728
4632
1010
1298
3740
4621
4189
1141
1266
4684
445
2408
669
2970
4600
3774
519
4056
4086
2954
3809
4666
72
3912
3668
85
1827
495
3028
1527
2558
3515
1360
2110
20
576
1280
2058
1754
4476
4420
1053
1873
4058
3719
1320
2320
1645
1880
3617
3863
2984
3964
1471
4196
3514
4364
2456
3625
2356
3196
1919
1970
4484
2317
3943
1848
1730
306
1409
515
3036
3444
1345
711
3331
521
3832
3015
1488
19
3282
2533
1767
1874
1926
3834
4106
4578
2939
4113
897
4588
3522
1107
3300
2284
241
2191
1156
401
1631
2758
1217
3160
2411
3156
566
3356
2395
864
2425
2504
4694
3086
2084
1508
443
3233
3843
2135
1190
4072
2345
1552
3913
753
4558
1856
1739
2401
3832
1160
1049
4036
2940
3295
3759
2769
4359
2275
1175
2071
1340
3697
716
1153
3549
1215
2000
2244
2238
655
1984
2280
1359
671
4320
2094
4372
1807
2430
2552
2470
610
3607
2834
3867
1750
1021
2028
3950
1417
2006
1919
1844
2427
4442
2159
1150
2130
784
1867
2377
4008
4570
3552
1004
1265
300
3167
4633
2554
4458
378
136
4218
2786
2001
3600
3748
4099
2165
3893
104
355
597
912
2028
4186
2051
3757
3668
2295
1580
198
2550
2607
4466
1008
575
1791
1169
230
77
1898
787
1150
2161
4301
1965
252
3957
79
3577
3498
3310
1264
1414
199
2154
4246
2096
2107
184
4331
2534
3147
2837
4063
3754
1292
121
2642
660
355
1828
3302
3052
3158
4183
2975
4520
288
2688
1934
2704
946
408
3564
768
4428
1174
1037
1363
3768
2312
2652
2529
3015
2103
600
4480
1972
3831
3013
4121
3979
1510
3728
3274
4481
412
3083
3684
1350
4468
4381
4191
3285
1486
4066
2812
2154
4436
2707
4472
3471
3078
2505
1561
1642
1528
3931
3279
4541
3250
58
3704
1
2026
235
2725
3240
3267
2278
1240
4448
3686
2035
1319
4692
4340
2926
2377
4103
809
2923
2324
1624
1589
3145
3851
202
1867
3449
4282
123
1524
3271
2347
1478
2013
3864
3260
2351
1235
183
4643
3833
4316
4020
4618
3519
251
788
1980
2788
1498
2832
1001
497
4395
2308
2238
3760
263
235
1311
1203
950
4022
3168
1123
2344
1080
3907
1602
3115
3465
2611
1542
3217
2767
1145
1710
4422
1795
1806
3792
138
1303
144
1582
4529
1878
1358
3504
2331
4638
3549
4031
1115
2653
31
3184
4407
1006
3333
299
3549
3882
2985
4317
2799
381
4246
690
2999
3684
260
1841
4557
434
705
4129
4018
617
4389
2455
2518
2129
1288
3899
2902
3861
2190
96
156
3914
3483
1088
1421
4505
1263
2901
1380
3287
1089
3135
4668
3150
400
333
3920
2844
4474
156
4671
2179
981
44
3239
239
3348
2201
4267
3848
3709
2003
946
3806
294
857
634
112
2018
4208
3501
3943
72
1812
4123
2384
3442
3861
2845
730
685
3539
45
787
3348
1379
2287
1456
476
559
1902
2150
1051
1666
1729
1564
3786
1608
2658
1065
3876
3568
3225
1340
4204
2500
3110
2694
3439
2496
292
3711
786
368
1482
1000
3646
4169
215
813
412
829
3461
542
2447
1632
2841
470
2927
3704
258
1951
4485
448
1514
3869
4471
1076
4446
3989
1937
4252
2531
2035
3897
3883
4220
1041
3023
936
4203
3443
3040
1579
3373
3111
841
293
48
2909
2171
293
594
3109
1949
1246
1271
460
2559
4088
2515
749
306
2929
4385
1469
1036
2491
1683
812
4242
1197
184
1008
206
445
2121
3415
4406
2608
3980
3546
2773
1107
2495
422
2138
4463
3565
3407
1874
3492
3137
2666
2646
3519
4543
2961
4020
2943
946
1672
777
3123
1362
1005
216
2359
3196
1007
2437
3805
4335
2472
4083
1034
3114
4493
3677
1146
329
3059
4413
4274
2310
56
1064
1805
3253
2277
343
4201
1770
2702
4694
3968
3891
851
1804
757
1835
339
2919
2457
1054
730
1302
1568
1050
4588
2907
9
