1 1 0.54785
0 0 0.21332
0 1 0.63250
0 0 0.24230
0 0 0.21203
0 0 0.21440
1 1 0.78193
0 0 0.19341
1 1 0.70222
0 0 0.20890
1 1 0.75362
1 1 0.50831
0 0 0.21474
0 0 0.19610
1 0 0.32823
1 1 0.60277
1 1 0.74425
0 0 0.24085
1 1 0.70798
1 1 0.55333
0 0 0.19345
0 0 0.20585
0 0 0.23893
0 0 0.19732
0 0 0.19429
0 0 0.25318
1 1 0.74630
0 0 0.19814
1 1 0.67583
0 0 0.20568
0 0 0.22107
0 0 0.25569
0 0 0.19326
0 0 0.23535
0 0 0.27561
0 0 0.25293
0 0 0.19598
1 1 0.73178
0 0 0.19316
0 0 0.24109
0 0 0.22821
0 0 0.20140
0 0 0.21025
0 0 0.22015
1 1 0.78356
1 1 0.66577
1 1 0.70733
1 1 0.71973
1 1 0.77060
0 0 0.20625
1 0 0.41410
0 0 0.25111
1 1 0.65974
0 0 0.19342
0 0 0.23752
0 0 0.31933
0 1 0.55161
0 0 0.21154
1 0 0.33539
0 0 0.25109
1 1 0.73635
0 0 0.25227
1 1 0.68042
0 0 0.23184
0 0 0.19361
0 0 0.25255
0 1 0.55161
1 1 0.78127
1 1 0.72960
0 0 0.19959
0 0 0.19331
0 0 0.22189
0 0 0.19366
0 0 0.21456
0 0 0.23970
0 1 0.55160
1 1 0.75426
1 1 0.78631
0 0 0.19583
0 0 0.22339
0 0 0.23488
0 0 0.21830
0 0 0.19386
1 1 0.71444
0 0 0.25169
0 0 0.23332
0 0 0.24078
1 1 0.66787
0 0 0.21706
0 0 0.20258
1 1 0.64016
1 1 0.78305
0 0 0.20051
1 1 0.73711
1 1 0.73518
1 1 0.77994
0 0 0.23627
1 1 0.73217
0 0 0.19786
0 0 0.19522
0.93
